2025-03-10T19:46:45.904-03:00  INFO 12420 --- [libraryapi] [main] com.example.libraryapi.Application       : Starting Application using Java 22.0.2 with PID 12420 (C:\Users\Usuário\Programacao\Java\Spring Framework\libraryapi\target\classes started by Will in C:\Users\Usuário\Programacao\Java\Spring Framework\libraryapi)
2025-03-10T19:46:45.908-03:00  INFO 12420 --- [libraryapi] [main] com.example.libraryapi.Application       : No active profile set, falling back to 1 default profile: "default"
2025-03-10T19:46:48.510-03:00  INFO 12420 --- [libraryapi] [main] .s.d.r.c.RepositoryConfigurationDelegate : Bootstrapping Spring Data JPA repositories in DEFAULT mode.
2025-03-10T19:46:48.675-03:00  INFO 12420 --- [libraryapi] [main] .s.d.r.c.RepositoryConfigurationDelegate : Finished Spring Data repository scanning in 147 ms. Found 4 JPA repository interfaces.
2025-03-10T19:46:49.983-03:00  WARN 12420 --- [libraryapi] [main] trationDelegate$BeanPostProcessorChecker : Bean 'securityConfiguration' of type [com.example.libraryapi.config.SecurityConfiguration$$SpringCGLIB$$0] is not eligible for getting processed by all BeanPostProcessors (for example: not eligible for auto-proxying). Is this bean getting eagerly injected into a currently created BeanPostProcessor [projectingArgumentResolverBeanPostProcessor]? Check the corresponding BeanPostProcessor declaration and its dependencies.
2025-03-10T19:46:49.989-03:00  WARN 12420 --- [libraryapi] [main] trationDelegate$BeanPostProcessorChecker : Bean 'grantedAuthorityDefaults' of type [org.springframework.security.config.core.GrantedAuthorityDefaults] is not eligible for getting processed by all BeanPostProcessors (for example: not eligible for auto-proxying). Is this bean getting eagerly injected into a currently created BeanPostProcessor [projectingArgumentResolverBeanPostProcessor]? Check the corresponding BeanPostProcessor declaration and its dependencies.
2025-03-10T19:46:50.806-03:00  INFO 12420 --- [libraryapi] [main] o.s.b.w.embedded.tomcat.TomcatWebServer  : Tomcat initialized with port 8080 (http)
2025-03-10T19:46:50.833-03:00  INFO 12420 --- [libraryapi] [main] o.apache.catalina.core.StandardService   : Starting service [Tomcat]
2025-03-10T19:46:50.833-03:00  INFO 12420 --- [libraryapi] [main] o.apache.catalina.core.StandardEngine    : Starting Servlet engine: [Apache Tomcat/10.1.26]
2025-03-10T19:46:50.990-03:00  INFO 12420 --- [libraryapi] [main] o.a.c.c.C.[Tomcat].[localhost].[/]       : Initializing Spring embedded WebApplicationContext
2025-03-10T19:46:50.992-03:00  INFO 12420 --- [libraryapi] [main] w.s.c.ServletWebServerApplicationContext : Root WebApplicationContext: initialization completed in 4984 ms
2025-03-10T19:46:51.790-03:00  INFO 12420 --- [libraryapi] [main] o.hibernate.jpa.internal.util.LogHelper  : HHH000204: Processing PersistenceUnitInfo [name: default]
2025-03-10T19:46:51.981-03:00  INFO 12420 --- [libraryapi] [main] org.hibernate.Version                    : HHH000412: Hibernate ORM core version 6.5.2.Final
2025-03-10T19:46:52.143-03:00  INFO 12420 --- [libraryapi] [main] o.h.c.internal.RegionFactoryInitiator    : HHH000026: Second-level cache disabled
2025-03-10T19:46:52.442-03:00  INFO 12420 --- [libraryapi] [main] com.zaxxer.hikari.HikariDataSource       : HikariPool-1 - Starting...
2025-03-10T19:46:52.906-03:00  INFO 12420 --- [libraryapi] [main] com.zaxxer.hikari.pool.HikariPool        : HikariPool-1 - Added connection org.postgresql.jdbc.PgConnection@789dd6bf
2025-03-10T19:46:52.910-03:00  INFO 12420 --- [libraryapi] [main] com.zaxxer.hikari.HikariDataSource       : HikariPool-1 - Start completed.
2025-03-10T19:46:54.007-03:00  INFO 12420 --- [libraryapi] [main] o.s.o.j.p.SpringPersistenceUnitInfo      : No LoadTimeWeaver setup: ignoring JPA class transformer
2025-03-10T19:46:55.843-03:00  INFO 12420 --- [libraryapi] [main] o.h.e.t.j.p.i.JtaPlatformInitiator       : HHH000489: No JTA platform available (set 'hibernate.transaction.jta.platform' to enable JTA platform integration)
2025-03-10T19:46:55.847-03:00  INFO 12420 --- [libraryapi] [main] j.LocalContainerEntityManagerFactoryBean : Initialized JPA EntityManagerFactory for persistence unit 'default'
2025-03-10T19:46:56.644-03:00  INFO 12420 --- [libraryapi] [main] o.s.d.j.r.query.QueryEnhancerFactory     : Hibernate is in classpath; If applicable, HQL parser will be used.
2025-03-10T19:46:58.303-03:00  WARN 12420 --- [libraryapi] [main] JpaBaseConfiguration$JpaWebConfiguration : spring.jpa.open-in-view is enabled by default. Therefore, database queries may be performed during view rendering. Explicitly configure spring.jpa.open-in-view to disable this warning
2025-03-10T19:46:58.329-03:00  INFO 12420 --- [libraryapi] [main] eAuthenticationProviderManagerConfigurer : Global AuthenticationManager configured with AuthenticationProvider bean with name customAuthenticationProvider
2025-03-10T19:47:01.532-03:00  INFO 12420 --- [libraryapi] [main] o.s.b.w.embedded.tomcat.TomcatWebServer  : Tomcat started on port 8080 (http) with context path '/'
2025-03-10T19:47:01.549-03:00  INFO 12420 --- [libraryapi] [main] com.example.libraryapi.Application       : Started Application in 16.729 seconds (process running for 18.094)
2025-03-10T19:47:46.072-03:00  INFO 12420 --- [libraryapi] [SpringApplicationShutdownHook] j.LocalContainerEntityManagerFactoryBean : Closing JPA EntityManagerFactory for persistence unit 'default'
2025-03-10T19:47:46.076-03:00  INFO 12420 --- [libraryapi] [SpringApplicationShutdownHook] com.zaxxer.hikari.HikariDataSource       : HikariPool-1 - Shutdown initiated...
2025-03-10T19:47:46.102-03:00  INFO 12420 --- [libraryapi] [SpringApplicationShutdownHook] com.zaxxer.hikari.HikariDataSource       : HikariPool-1 - Shutdown completed.
